<?xml version="1.0" encoding="UTF-8"?>
<!-- Generated by org.testng.reporters.JUnitReportReporter -->
<testsuite skipped="0" hostname="DESKTOP-SP1DG6S" name="learnSeleniumDocker.FirefoxWithDocker" tests="1" failures="0" timestamp="2019-12-15T10:46:53 IST" time="12.128" errors="0">
  <testcase name="launchFirefox" time="12.128" classname="learnSeleniumDocker.FirefoxWithDocker"/>
</testsuite> <!-- learnSeleniumDocker.FirefoxWithDocker -->
